<?xml version="1.0" encoding="UTF-8"?>
<testng-results ignored="0" total="1" passed="1" failed="0" skipped="0">
  <reporter-output>
  </reporter-output>
  <suite started-at="2022-03-10T15:19:47 IST" name="Default suite" finished-at="2022-03-10T15:19:47 IST" duration-ms="64">
    <groups>
    </groups>
    <test started-at="2022-03-10T15:19:47 IST" name="Default test" finished-at="2022-03-10T15:19:47 IST" duration-ms="64">
      <class name="Demo.demopractices1">
        <test-method signature="demo()[pri:0, instance:Demo.demopractices1@2177849e]" started-at="2022-03-10T15:19:47 IST" name="demo" finished-at="2022-03-10T15:19:47 IST" duration-ms="12" status="PASS">
          <reporter-output>
          </reporter-output>
        </test-method> <!-- demo -->
      </class> <!-- Demo.demopractices1 -->
    </test> <!-- Default test -->
  </suite> <!-- Default suite -->
</testng-results>
