<?xml version="1.0" encoding="UTF-8"?>
<testng-results ignored="0" total="2" passed="2" failed="0" skipped="0">
  <reporter-output>
  </reporter-output>
  <suite started-at="2022-03-15T14:22:03 IST" name="Default suite" finished-at="2022-03-15T14:22:03 IST" duration-ms="58">
    <groups>
    </groups>
    <test started-at="2022-03-15T14:22:03 IST" name="Default test" finished-at="2022-03-15T14:22:03 IST" duration-ms="58">
      <class name="Demo.demopracticesTest">
        <test-method signature="demo()[pri:0, instance:Demo.demopracticesTest@2beee7ff]" started-at="2022-03-15T14:22:03 IST" name="demo" finished-at="2022-03-15T14:22:03 IST" duration-ms="10" status="PASS">
          <reporter-output>
          </reporter-output>
        </test-method> <!-- demo -->
        <test-method signature="demo1()[pri:0, instance:Demo.demopracticesTest@2beee7ff]" started-at="2022-03-15T14:22:03 IST" name="demo1" finished-at="2022-03-15T14:22:03 IST" duration-ms="1" status="PASS">
          <reporter-output>
          </reporter-output>
        </test-method> <!-- demo1 -->
      </class> <!-- Demo.demopracticesTest -->
    </test> <!-- Default test -->
  </suite> <!-- Default suite -->
</testng-results>
